{"C:\\Users\\The Dhouibis\\Desktop\\Udemy\\React - Mastering Test Driven Development\\giftsgiver\\src\\setupTests.js": {"path":"C:\\Users\\The Dhouibis\\Desktop\\Udemy\\React - Mastering Test Driven Development\\giftsgiver\\src\\setupTests.js","statementMap":{"0":{"start":{"line":4,"column":0},"end":{"line":4,"column":38}}},"fnMap":{},"branchMap":{},"s":{"0":3},"f":{},"b":{},"_coverageSchema":"332fd63041d2c1bcb487cc26dd0d5f7d97098a6c","hash":"9e27163a98acd4a5dc319e4a3e89f37df7b2926b"}
,"C:\\Users\\The Dhouibis\\Desktop\\Udemy\\React - Mastering Test Driven Development\\giftsgiver\\src\\components\\App.js": {"path":"C:\\Users\\The Dhouibis\\Desktop\\Udemy\\React - Mastering Test Driven Development\\giftsgiver\\src\\components\\App.js","statementMap":{"0":{"start":{"line":12,"column":22},"end":{"line":12,"column":32}},"1":{"start":{"line":13,"column":16},"end":{"line":13,"column":43}},"2":{"start":{"line":13,"column":34},"end":{"line":13,"column":41}},"3":{"start":{"line":14,"column":18},"end":{"line":14,"column":31}},"4":{"start":{"line":16,"column":4},"end":{"line":16,"column":34}},"5":{"start":{"line":17,"column":4},"end":{"line":17,"column":29}},"6":{"start":{"line":21,"column":18},"end":{"line":21,"column":65}},"7":{"start":{"line":21,"column":50},"end":{"line":21,"column":64}},"8":{"start":{"line":22,"column":4},"end":{"line":22,"column":29}},"9":{"start":{"line":25,"column":4},"end":{"line":42,"column":5}},"10":{"start":{"line":31,"column":21},"end":{"line":35,"column":24}}},"fnMap":{"0":{"name":"(anonymous_0)","decl":{"start":{"line":11,"column":10},"end":{"line":11,"column":11}},"loc":{"start":{"line":11,"column":16},"end":{"line":19,"column":1}},"line":11},"1":{"name":"(anonymous_1)","decl":{"start":{"line":13,"column":26},"end":{"line":13,"column":27}},"loc":{"start":{"line":13,"column":34},"end":{"line":13,"column":41}},"line":13},"2":{"name":"(anonymous_2)","decl":{"start":{"line":20,"column":13},"end":{"line":20,"column":14}},"loc":{"start":{"line":20,"column":19},"end":{"line":23,"column":1}},"line":20},"3":{"name":"(anonymous_3)","decl":{"start":{"line":21,"column":42},"end":{"line":21,"column":43}},"loc":{"start":{"line":21,"column":50},"end":{"line":21,"column":64}},"line":21},"4":{"name":"(anonymous_4)","decl":{"start":{"line":24,"column":0},"end":{"line":24,"column":1}},"loc":{"start":{"line":24,"column":8},"end":{"line":43,"column":1}},"line":24},"5":{"name":"(anonymous_5)","decl":{"start":{"line":30,"column":39},"end":{"line":30,"column":40}},"loc":{"start":{"line":30,"column":47},"end":{"line":36,"column":18}},"line":30}},"branchMap":{},"s":{"0":4,"1":4,"2":0,"3":4,"4":4,"5":4,"6":1,"7":1,"8":1,"9":10,"10":4},"f":{"0":4,"1":0,"2":1,"3":1,"4":10,"5":4},"b":{},"_coverageSchema":"332fd63041d2c1bcb487cc26dd0d5f7d97098a6c","hash":"42d8a6ce1e19483cb9f169ee4bd203f31db15fc3"}
,"C:\\Users\\The Dhouibis\\Desktop\\Udemy\\React - Mastering Test Driven Development\\giftsgiver\\src\\components\\Gift.js": {"path":"C:\\Users\\The Dhouibis\\Desktop\\Udemy\\React - Mastering Test Driven Development\\giftsgiver\\src\\components\\Gift.js","statementMap":{"0":{"start":{"line":11,"column":8},"end":{"line":11,"column":50}},"1":{"start":{"line":14,"column":8},"end":{"line":14,"column":45}},"2":{"start":{"line":17,"column":8},"end":{"line":50,"column":9}},"3":{"start":{"line":45,"column":40},"end":{"line":45,"column":81}}},"fnMap":{"0":{"name":"(anonymous_0)","decl":{"start":{"line":10,"column":19},"end":{"line":10,"column":20}},"loc":{"start":{"line":10,"column":24},"end":{"line":12,"column":5}},"line":10},"1":{"name":"(anonymous_1)","decl":{"start":{"line":13,"column":23},"end":{"line":13,"column":24}},"loc":{"start":{"line":13,"column":28},"end":{"line":15,"column":5}},"line":13},"2":{"name":"(anonymous_2)","decl":{"start":{"line":16,"column":4},"end":{"line":16,"column":5}},"loc":{"start":{"line":16,"column":12},"end":{"line":51,"column":5}},"line":16},"3":{"name":"(anonymous_3)","decl":{"start":{"line":45,"column":34},"end":{"line":45,"column":35}},"loc":{"start":{"line":45,"column":40},"end":{"line":45,"column":81}},"line":45}},"branchMap":{},"s":{"0":1,"1":1,"2":3,"3":1},"f":{"0":1,"1":1,"2":3,"3":1},"b":{},"_coverageSchema":"332fd63041d2c1bcb487cc26dd0d5f7d97098a6c","hash":"d5703ffaa652b23fa8cb6d1be7b7c7ed30f24c3c"}
,"C:\\Users\\The Dhouibis\\Desktop\\Udemy\\React - Mastering Test Driven Development\\giftsgiver\\src\\helpers\\index.js": {"path":"C:\\Users\\The Dhouibis\\Desktop\\Udemy\\React - Mastering Test Driven Development\\giftsgiver\\src\\helpers\\index.js","statementMap":{"0":{"start":{"line":1,"column":24},"end":{"line":1,"column":70}},"1":{"start":{"line":1,"column":33},"end":{"line":1,"column":70}}},"fnMap":{"0":{"name":"(anonymous_0)","decl":{"start":{"line":1,"column":24},"end":{"line":1,"column":25}},"loc":{"start":{"line":1,"column":33},"end":{"line":1,"column":70}},"line":1}},"branchMap":{"0":{"loc":{"start":{"line":1,"column":33},"end":{"line":1,"column":70}},"type":"cond-expr","locations":[{"start":{"line":1,"column":50},"end":{"line":1,"column":66}},{"start":{"line":1,"column":69},"end":{"line":1,"column":70}}],"line":1}},"s":{"0":2,"1":6},"f":{"0":6},"b":{"0":[1,5]},"_coverageSchema":"332fd63041d2c1bcb487cc26dd0d5f7d97098a6c","hash":"2402ae954d4c763406362ecc776ceb14d97614d3"}
}
