TN:
SF:C:\Users\The Dhouibis\Desktop\Udemy\React - Mastering Test Driven Development\giftsgiver\src\setupTests.js
FNF:0
FNH:0
DA:4,3
LF:1
LH:1
BRF:0
BRH:0
end_of_record
TN:
SF:C:\Users\The Dhouibis\Desktop\Udemy\React - Mastering Test Driven Development\giftsgiver\src\components\App.js
FN:11,(anonymous_0)
FN:13,(anonymous_1)
FN:20,(anonymous_2)
FN:21,(anonymous_3)
FN:24,(anonymous_4)
FN:30,(anonymous_5)
FNF:6
FNH:5
FNDA:4,(anonymous_0)
FNDA:0,(anonymous_1)
FNDA:1,(anonymous_2)
FNDA:1,(anonymous_3)
FNDA:10,(anonymous_4)
FNDA:4,(anonymous_5)
DA:12,4
DA:13,4
DA:14,4
DA:16,4
DA:17,4
DA:21,1
DA:22,1
DA:25,10
DA:31,4
LF:9
LH:9
BRF:0
BRH:0
end_of_record
TN:
SF:C:\Users\The Dhouibis\Desktop\Udemy\React - Mastering Test Driven Development\giftsgiver\src\components\Gift.js
FN:10,(anonymous_0)
FN:13,(anonymous_1)
FN:16,(anonymous_2)
FN:45,(anonymous_3)
FNF:4
FNH:4
FNDA:1,(anonymous_0)
FNDA:1,(anonymous_1)
FNDA:3,(anonymous_2)
FNDA:1,(anonymous_3)
DA:11,1
DA:14,1
DA:17,3
DA:45,1
LF:4
LH:4
BRF:0
BRH:0
end_of_record
TN:
SF:C:\Users\The Dhouibis\Desktop\Udemy\React - Mastering Test Driven Development\giftsgiver\src\helpers\index.js
FN:1,(anonymous_0)
FNF:1
FNH:1
FNDA:6,(anonymous_0)
DA:1,6
LF:1
LH:1
BRDA:1,0,0,1
BRDA:1,0,1,5
BRF:2
BRH:2
end_of_record
